2014/02/07 13:09:19 [error] [exception.CHttpException.404] exception 'CHttpException' with message 'The requested view "production" was not found.' in C:\_stuff\yii1.1.14\framework\web\actions\CViewAction.php:112
Stack trace:
#0 C:\_stuff\yii1.1.14\framework\web\actions\CViewAction.php(123): CViewAction->resolveView('production')
#1 C:\_stuff\yii1.1.14\framework\web\actions\CAction.php(76): CViewAction->run()
#2 C:\_stuff\yii1.1.14\framework\web\CController.php(308): CAction->runWithParams(Array)
#3 C:\_stuff\yii1.1.14\framework\web\CController.php(286): CController->runAction(Object(CViewAction))
#4 C:\_stuff\yii1.1.14\framework\web\CController.php(265): CController->runActionWithFilters(Object(CViewAction), Array)
#5 C:\_stuff\yii1.1.14\framework\web\CWebApplication.php(282): CController->run('page')
#6 C:\_stuff\yii1.1.14\framework\web\CWebApplication.php(141): CWebApplication->runController('site/page')
#7 C:\_stuff\yii1.1.14\framework\base\CApplication.php(180): CWebApplication->processRequest()
#8 C:\_stuff\OpenServer\domains\scbtenzor\index.php(13): CApplication->run()
#9 {main}
REQUEST_URI=/index.php?r=site/page&view=production
HTTP_REFERER=http://scbtenzor/index.php?r=site/index
---
2014/02/07 13:09:20 [error] [exception.CHttpException.404] exception 'CHttpException' with message 'The requested view "technologies" was not found.' in C:\_stuff\yii1.1.14\framework\web\actions\CViewAction.php:112
Stack trace:
#0 C:\_stuff\yii1.1.14\framework\web\actions\CViewAction.php(123): CViewAction->resolveView('technologies')
#1 C:\_stuff\yii1.1.14\framework\web\actions\CAction.php(76): CViewAction->run()
#2 C:\_stuff\yii1.1.14\framework\web\CController.php(308): CAction->runWithParams(Array)
#3 C:\_stuff\yii1.1.14\framework\web\CController.php(286): CController->runAction(Object(CViewAction))
#4 C:\_stuff\yii1.1.14\framework\web\CController.php(265): CController->runActionWithFilters(Object(CViewAction), Array)
#5 C:\_stuff\yii1.1.14\framework\web\CWebApplication.php(282): CController->run('page')
#6 C:\_stuff\yii1.1.14\framework\web\CWebApplication.php(141): CWebApplication->runController('site/page')
#7 C:\_stuff\yii1.1.14\framework\base\CApplication.php(180): CWebApplication->processRequest()
#8 C:\_stuff\OpenServer\domains\scbtenzor\index.php(13): CApplication->run()
#9 {main}
REQUEST_URI=/index.php?r=site/page&view=technologies
HTTP_REFERER=http://scbtenzor/index.php?r=site/page&view=production
---
2014/02/07 13:09:20 [error] [exception.CHttpException.404] exception 'CHttpException' with message 'The requested view "services" was not found.' in C:\_stuff\yii1.1.14\framework\web\actions\CViewAction.php:112
Stack trace:
#0 C:\_stuff\yii1.1.14\framework\web\actions\CViewAction.php(123): CViewAction->resolveView('services')
#1 C:\_stuff\yii1.1.14\framework\web\actions\CAction.php(76): CViewAction->run()
#2 C:\_stuff\yii1.1.14\framework\web\CController.php(308): CAction->runWithParams(Array)
#3 C:\_stuff\yii1.1.14\framework\web\CController.php(286): CController->runAction(Object(CViewAction))
#4 C:\_stuff\yii1.1.14\framework\web\CController.php(265): CController->runActionWithFilters(Object(CViewAction), Array)
#5 C:\_stuff\yii1.1.14\framework\web\CWebApplication.php(282): CController->run('page')
#6 C:\_stuff\yii1.1.14\framework\web\CWebApplication.php(141): CWebApplication->runController('site/page')
#7 C:\_stuff\yii1.1.14\framework\base\CApplication.php(180): CWebApplication->processRequest()
#8 C:\_stuff\OpenServer\domains\scbtenzor\index.php(13): CApplication->run()
#9 {main}
REQUEST_URI=/index.php?r=site/page&view=services
HTTP_REFERER=http://scbtenzor/index.php?r=site/page&view=technologies
---
2014/02/07 13:09:21 [error] [exception.CHttpException.404] exception 'CHttpException' with message 'The requested view "documentation" was not found.' in C:\_stuff\yii1.1.14\framework\web\actions\CViewAction.php:112
Stack trace:
#0 C:\_stuff\yii1.1.14\framework\web\actions\CViewAction.php(123): CViewAction->resolveView('documentation')
#1 C:\_stuff\yii1.1.14\framework\web\actions\CAction.php(76): CViewAction->run()
#2 C:\_stuff\yii1.1.14\framework\web\CController.php(308): CAction->runWithParams(Array)
#3 C:\_stuff\yii1.1.14\framework\web\CController.php(286): CController->runAction(Object(CViewAction))
#4 C:\_stuff\yii1.1.14\framework\web\CController.php(265): CController->runActionWithFilters(Object(CViewAction), Array)
#5 C:\_stuff\yii1.1.14\framework\web\CWebApplication.php(282): CController->run('page')
#6 C:\_stuff\yii1.1.14\framework\web\CWebApplication.php(141): CWebApplication->runController('site/page')
#7 C:\_stuff\yii1.1.14\framework\base\CApplication.php(180): CWebApplication->processRequest()
#8 C:\_stuff\OpenServer\domains\scbtenzor\index.php(13): CApplication->run()
#9 {main}
REQUEST_URI=/index.php?r=site/page&view=documentation
HTTP_REFERER=http://scbtenzor/index.php?r=site/page&view=services
---
2014/02/07 13:09:21 [error] [exception.CHttpException.404] exception 'CHttpException' with message 'The system is unable to find the requested action "contacts".' in C:\_stuff\yii1.1.14\framework\web\CController.php:483
Stack trace:
#0 C:\_stuff\yii1.1.14\framework\web\CController.php(270): CController->missingAction('contacts')
#1 C:\_stuff\yii1.1.14\framework\web\CWebApplication.php(282): CController->run('contacts')
#2 C:\_stuff\yii1.1.14\framework\web\CWebApplication.php(141): CWebApplication->runController('site/contacts')
#3 C:\_stuff\yii1.1.14\framework\base\CApplication.php(180): CWebApplication->processRequest()
#4 C:\_stuff\OpenServer\domains\scbtenzor\index.php(13): CApplication->run()
#5 {main}
REQUEST_URI=/index.php?r=site/contacts
HTTP_REFERER=http://scbtenzor/index.php?r=site/page&view=documentation
---
2014/02/07 13:09:23 [error] [exception.CHttpException.404] exception 'CHttpException' with message 'The requested view "documentation" was not found.' in C:\_stuff\yii1.1.14\framework\web\actions\CViewAction.php:112
Stack trace:
#0 C:\_stuff\yii1.1.14\framework\web\actions\CViewAction.php(123): CViewAction->resolveView('documentation')
#1 C:\_stuff\yii1.1.14\framework\web\actions\CAction.php(76): CViewAction->run()
#2 C:\_stuff\yii1.1.14\framework\web\CController.php(308): CAction->runWithParams(Array)
#3 C:\_stuff\yii1.1.14\framework\web\CController.php(286): CController->runAction(Object(CViewAction))
#4 C:\_stuff\yii1.1.14\framework\web\CController.php(265): CController->runActionWithFilters(Object(CViewAction), Array)
#5 C:\_stuff\yii1.1.14\framework\web\CWebApplication.php(282): CController->run('page')
#6 C:\_stuff\yii1.1.14\framework\web\CWebApplication.php(141): CWebApplication->runController('site/page')
#7 C:\_stuff\yii1.1.14\framework\base\CApplication.php(180): CWebApplication->processRequest()
#8 C:\_stuff\OpenServer\domains\scbtenzor\index.php(13): CApplication->run()
#9 {main}
REQUEST_URI=/index.php?r=site/page&view=documentation
HTTP_REFERER=http://scbtenzor/index.php?r=site/contacts
---
2014/02/07 13:09:24 [error] [exception.CHttpException.404] exception 'CHttpException' with message 'The requested view "services" was not found.' in C:\_stuff\yii1.1.14\framework\web\actions\CViewAction.php:112
Stack trace:
#0 C:\_stuff\yii1.1.14\framework\web\actions\CViewAction.php(123): CViewAction->resolveView('services')
#1 C:\_stuff\yii1.1.14\framework\web\actions\CAction.php(76): CViewAction->run()
#2 C:\_stuff\yii1.1.14\framework\web\CController.php(308): CAction->runWithParams(Array)
#3 C:\_stuff\yii1.1.14\framework\web\CController.php(286): CController->runAction(Object(CViewAction))
#4 C:\_stuff\yii1.1.14\framework\web\CController.php(265): CController->runActionWithFilters(Object(CViewAction), Array)
#5 C:\_stuff\yii1.1.14\framework\web\CWebApplication.php(282): CController->run('page')
#6 C:\_stuff\yii1.1.14\framework\web\CWebApplication.php(141): CWebApplication->runController('site/page')
#7 C:\_stuff\yii1.1.14\framework\base\CApplication.php(180): CWebApplication->processRequest()
#8 C:\_stuff\OpenServer\domains\scbtenzor\index.php(13): CApplication->run()
#9 {main}
REQUEST_URI=/index.php?r=site/page&view=services
HTTP_REFERER=http://scbtenzor/index.php?r=site/page&view=documentation
---
2014/02/07 13:09:24 [error] [exception.CHttpException.404] exception 'CHttpException' with message 'The requested view "technologies" was not found.' in C:\_stuff\yii1.1.14\framework\web\actions\CViewAction.php:112
Stack trace:
#0 C:\_stuff\yii1.1.14\framework\web\actions\CViewAction.php(123): CViewAction->resolveView('technologies')
#1 C:\_stuff\yii1.1.14\framework\web\actions\CAction.php(76): CViewAction->run()
#2 C:\_stuff\yii1.1.14\framework\web\CController.php(308): CAction->runWithParams(Array)
#3 C:\_stuff\yii1.1.14\framework\web\CController.php(286): CController->runAction(Object(CViewAction))
#4 C:\_stuff\yii1.1.14\framework\web\CController.php(265): CController->runActionWithFilters(Object(CViewAction), Array)
#5 C:\_stuff\yii1.1.14\framework\web\CWebApplication.php(282): CController->run('page')
#6 C:\_stuff\yii1.1.14\framework\web\CWebApplication.php(141): CWebApplication->runController('site/page')
#7 C:\_stuff\yii1.1.14\framework\base\CApplication.php(180): CWebApplication->processRequest()
#8 C:\_stuff\OpenServer\domains\scbtenzor\index.php(13): CApplication->run()
#9 {main}
REQUEST_URI=/index.php?r=site/page&view=technologies
HTTP_REFERER=http://scbtenzor/index.php?r=site/page&view=services
---
2014/02/07 13:09:25 [error] [exception.CHttpException.404] exception 'CHttpException' with message 'The requested view "production" was not found.' in C:\_stuff\yii1.1.14\framework\web\actions\CViewAction.php:112
Stack trace:
#0 C:\_stuff\yii1.1.14\framework\web\actions\CViewAction.php(123): CViewAction->resolveView('production')
#1 C:\_stuff\yii1.1.14\framework\web\actions\CAction.php(76): CViewAction->run()
#2 C:\_stuff\yii1.1.14\framework\web\CController.php(308): CAction->runWithParams(Array)
#3 C:\_stuff\yii1.1.14\framework\web\CController.php(286): CController->runAction(Object(CViewAction))
#4 C:\_stuff\yii1.1.14\framework\web\CController.php(265): CController->runActionWithFilters(Object(CViewAction), Array)
#5 C:\_stuff\yii1.1.14\framework\web\CWebApplication.php(282): CController->run('page')
#6 C:\_stuff\yii1.1.14\framework\web\CWebApplication.php(141): CWebApplication->runController('site/page')
#7 C:\_stuff\yii1.1.14\framework\base\CApplication.php(180): CWebApplication->processRequest()
#8 C:\_stuff\OpenServer\domains\scbtenzor\index.php(13): CApplication->run()
#9 {main}
REQUEST_URI=/index.php?r=site/page&view=production
HTTP_REFERER=http://scbtenzor/index.php?r=site/page&view=technologies
---
2014/02/07 13:26:56 [error] [exception.CHttpException.404] exception 'CHttpException' with message 'The requested view "technologies" was not found.' in C:\_stuff\yii1.1.14\framework\web\actions\CViewAction.php:112
Stack trace:
#0 C:\_stuff\yii1.1.14\framework\web\actions\CViewAction.php(123): CViewAction->resolveView('technologies')
#1 C:\_stuff\yii1.1.14\framework\web\actions\CAction.php(76): CViewAction->run()
#2 C:\_stuff\yii1.1.14\framework\web\CController.php(308): CAction->runWithParams(Array)
#3 C:\_stuff\yii1.1.14\framework\web\CController.php(286): CController->runAction(Object(CViewAction))
#4 C:\_stuff\yii1.1.14\framework\web\CController.php(265): CController->runActionWithFilters(Object(CViewAction), Array)
#5 C:\_stuff\yii1.1.14\framework\web\CWebApplication.php(282): CController->run('page')
#6 C:\_stuff\yii1.1.14\framework\web\CWebApplication.php(141): CWebApplication->runController('site/page')
#7 C:\_stuff\yii1.1.14\framework\base\CApplication.php(180): CWebApplication->processRequest()
#8 C:\_stuff\OpenServer\domains\scbtenzor\index.php(13): CApplication->run()
#9 {main}
REQUEST_URI=/index.php?r=site/page&view=technologies
HTTP_REFERER=http://scbtenzor/index.php?r=site/page&view=production
---
2014/02/07 13:26:57 [error] [exception.CHttpException.404] exception 'CHttpException' with message 'The requested view "services" was not found.' in C:\_stuff\yii1.1.14\framework\web\actions\CViewAction.php:112
Stack trace:
#0 C:\_stuff\yii1.1.14\framework\web\actions\CViewAction.php(123): CViewAction->resolveView('services')
#1 C:\_stuff\yii1.1.14\framework\web\actions\CAction.php(76): CViewAction->run()
#2 C:\_stuff\yii1.1.14\framework\web\CController.php(308): CAction->runWithParams(Array)
#3 C:\_stuff\yii1.1.14\framework\web\CController.php(286): CController->runAction(Object(CViewAction))
#4 C:\_stuff\yii1.1.14\framework\web\CController.php(265): CController->runActionWithFilters(Object(CViewAction), Array)
#5 C:\_stuff\yii1.1.14\framework\web\CWebApplication.php(282): CController->run('page')
#6 C:\_stuff\yii1.1.14\framework\web\CWebApplication.php(141): CWebApplication->runController('site/page')
#7 C:\_stuff\yii1.1.14\framework\base\CApplication.php(180): CWebApplication->processRequest()
#8 C:\_stuff\OpenServer\domains\scbtenzor\index.php(13): CApplication->run()
#9 {main}
REQUEST_URI=/index.php?r=site/page&view=services
HTTP_REFERER=http://scbtenzor/index.php?r=site/page&view=technologies
---
2014/02/07 13:26:57 [error] [exception.CHttpException.404] exception 'CHttpException' with message 'The requested view "documentation" was not found.' in C:\_stuff\yii1.1.14\framework\web\actions\CViewAction.php:112
Stack trace:
#0 C:\_stuff\yii1.1.14\framework\web\actions\CViewAction.php(123): CViewAction->resolveView('documentation')
#1 C:\_stuff\yii1.1.14\framework\web\actions\CAction.php(76): CViewAction->run()
#2 C:\_stuff\yii1.1.14\framework\web\CController.php(308): CAction->runWithParams(Array)
#3 C:\_stuff\yii1.1.14\framework\web\CController.php(286): CController->runAction(Object(CViewAction))
#4 C:\_stuff\yii1.1.14\framework\web\CController.php(265): CController->runActionWithFilters(Object(CViewAction), Array)
#5 C:\_stuff\yii1.1.14\framework\web\CWebApplication.php(282): CController->run('page')
#6 C:\_stuff\yii1.1.14\framework\web\CWebApplication.php(141): CWebApplication->runController('site/page')
#7 C:\_stuff\yii1.1.14\framework\base\CApplication.php(180): CWebApplication->processRequest()
#8 C:\_stuff\OpenServer\domains\scbtenzor\index.php(13): CApplication->run()
#9 {main}
REQUEST_URI=/index.php?r=site/page&view=documentation
HTTP_REFERER=http://scbtenzor/index.php?r=site/page&view=services
---
2014/02/07 13:26:58 [error] [exception.CHttpException.404] exception 'CHttpException' with message 'The system is unable to find the requested action "contacts".' in C:\_stuff\yii1.1.14\framework\web\CController.php:483
Stack trace:
#0 C:\_stuff\yii1.1.14\framework\web\CController.php(270): CController->missingAction('contacts')
#1 C:\_stuff\yii1.1.14\framework\web\CWebApplication.php(282): CController->run('contacts')
#2 C:\_stuff\yii1.1.14\framework\web\CWebApplication.php(141): CWebApplication->runController('site/contacts')
#3 C:\_stuff\yii1.1.14\framework\base\CApplication.php(180): CWebApplication->processRequest()
#4 C:\_stuff\OpenServer\domains\scbtenzor\index.php(13): CApplication->run()
#5 {main}
REQUEST_URI=/index.php?r=site/contacts
HTTP_REFERER=http://scbtenzor/index.php?r=site/page&view=documentation
---
2014/02/07 13:28:24 [error] [exception.CHttpException.404] exception 'CHttpException' with message 'The requested view "technologies" was not found.' in C:\_stuff\yii1.1.14\framework\web\actions\CViewAction.php:112
Stack trace:
#0 C:\_stuff\yii1.1.14\framework\web\actions\CViewAction.php(123): CViewAction->resolveView('technologies')
#1 C:\_stuff\yii1.1.14\framework\web\actions\CAction.php(76): CViewAction->run()
#2 C:\_stuff\yii1.1.14\framework\web\CController.php(308): CAction->runWithParams(Array)
#3 C:\_stuff\yii1.1.14\framework\web\CController.php(286): CController->runAction(Object(CViewAction))
#4 C:\_stuff\yii1.1.14\framework\web\CController.php(265): CController->runActionWithFilters(Object(CViewAction), Array)
#5 C:\_stuff\yii1.1.14\framework\web\CWebApplication.php(282): CController->run('page')
#6 C:\_stuff\yii1.1.14\framework\web\CWebApplication.php(141): CWebApplication->runController('site/page')
#7 C:\_stuff\yii1.1.14\framework\base\CApplication.php(180): CWebApplication->processRequest()
#8 C:\_stuff\OpenServer\domains\scbtenzor\index.php(13): CApplication->run()
#9 {main}
REQUEST_URI=/index.php?r=site/page&view=technologies
HTTP_REFERER=http://scbtenzor/index.php?r=site/page&view=production
---
2014/02/07 13:32:55 [error] [exception.CHttpException.404] exception 'CHttpException' with message 'The requested view "technologies" was not found.' in C:\_stuff\yii1.1.14\framework\web\actions\CViewAction.php:112
Stack trace:
#0 C:\_stuff\yii1.1.14\framework\web\actions\CViewAction.php(123): CViewAction->resolveView('technologies')
#1 C:\_stuff\yii1.1.14\framework\web\actions\CAction.php(76): CViewAction->run()
#2 C:\_stuff\yii1.1.14\framework\web\CController.php(308): CAction->runWithParams(Array)
#3 C:\_stuff\yii1.1.14\framework\web\CController.php(286): CController->runAction(Object(CViewAction))
#4 C:\_stuff\yii1.1.14\framework\web\CController.php(265): CController->runActionWithFilters(Object(CViewAction), Array)
#5 C:\_stuff\yii1.1.14\framework\web\CWebApplication.php(282): CController->run('page')
#6 C:\_stuff\yii1.1.14\framework\web\CWebApplication.php(141): CWebApplication->runController('site/page')
#7 C:\_stuff\yii1.1.14\framework\base\CApplication.php(180): CWebApplication->processRequest()
#8 C:\_stuff\OpenServer\domains\scbtenzor\index.php(13): CApplication->run()
#9 {main}
REQUEST_URI=/index.php?r=site/page&view=technologies
HTTP_REFERER=http://scbtenzor/index.php?r=site/page&view=production
---
2014/02/07 13:36:51 [error] [exception.CHttpException.404] exception 'CHttpException' with message 'The requested view "services" was not found.' in C:\_stuff\yii1.1.14\framework\web\actions\CViewAction.php:112
Stack trace:
#0 C:\_stuff\yii1.1.14\framework\web\actions\CViewAction.php(123): CViewAction->resolveView('services')
#1 C:\_stuff\yii1.1.14\framework\web\actions\CAction.php(76): CViewAction->run()
#2 C:\_stuff\yii1.1.14\framework\web\CController.php(308): CAction->runWithParams(Array)
#3 C:\_stuff\yii1.1.14\framework\web\CController.php(286): CController->runAction(Object(CViewAction))
#4 C:\_stuff\yii1.1.14\framework\web\CController.php(265): CController->runActionWithFilters(Object(CViewAction), Array)
#5 C:\_stuff\yii1.1.14\framework\web\CWebApplication.php(282): CController->run('page')
#6 C:\_stuff\yii1.1.14\framework\web\CWebApplication.php(141): CWebApplication->runController('site/page')
#7 C:\_stuff\yii1.1.14\framework\base\CApplication.php(180): CWebApplication->processRequest()
#8 C:\_stuff\OpenServer\domains\scbtenzor\index.php(13): CApplication->run()
#9 {main}
REQUEST_URI=/index.php?r=site/page&view=services
HTTP_REFERER=http://scbtenzor/index.php?r=site/page&view=technologies
---
2014/02/07 13:42:48 [error] [exception.CHttpException.404] exception 'CHttpException' with message 'The requested view "documentation" was not found.' in C:\_stuff\yii1.1.14\framework\web\actions\CViewAction.php:112
Stack trace:
#0 C:\_stuff\yii1.1.14\framework\web\actions\CViewAction.php(123): CViewAction->resolveView('documentation')
#1 C:\_stuff\yii1.1.14\framework\web\actions\CAction.php(76): CViewAction->run()
#2 C:\_stuff\yii1.1.14\framework\web\CController.php(308): CAction->runWithParams(Array)
#3 C:\_stuff\yii1.1.14\framework\web\CController.php(286): CController->runAction(Object(CViewAction))
#4 C:\_stuff\yii1.1.14\framework\web\CController.php(265): CController->runActionWithFilters(Object(CViewAction), Array)
#5 C:\_stuff\yii1.1.14\framework\web\CWebApplication.php(282): CController->run('page')
#6 C:\_stuff\yii1.1.14\framework\web\CWebApplication.php(141): CWebApplication->runController('site/page')
#7 C:\_stuff\yii1.1.14\framework\base\CApplication.php(180): CWebApplication->processRequest()
#8 C:\_stuff\OpenServer\domains\scbtenzor\index.php(13): CApplication->run()
#9 {main}
REQUEST_URI=/index.php?r=site/page&view=documentation
HTTP_REFERER=http://scbtenzor/index.php
---
2014/02/07 13:43:54 [error] [exception.CHttpException.404] exception 'CHttpException' with message 'The system is unable to find the requested action "contacts".' in C:\_stuff\yii1.1.14\framework\web\CController.php:483
Stack trace:
#0 C:\_stuff\yii1.1.14\framework\web\CController.php(270): CController->missingAction('contacts')
#1 C:\_stuff\yii1.1.14\framework\web\CWebApplication.php(282): CController->run('contacts')
#2 C:\_stuff\yii1.1.14\framework\web\CWebApplication.php(141): CWebApplication->runController('site/contacts')
#3 C:\_stuff\yii1.1.14\framework\base\CApplication.php(180): CWebApplication->processRequest()
#4 C:\_stuff\OpenServer\domains\scbtenzor\index.php(13): CApplication->run()
#5 {main}
REQUEST_URI=/index.php?r=site/contacts
HTTP_REFERER=http://scbtenzor/index.php?r=site/page&view=documentation
---
2014/02/07 13:46:43 [error] [exception.CHttpException.404] exception 'CHttpException' with message 'The system is unable to find the requested action "contacts".' in C:\_stuff\yii1.1.14\framework\web\CController.php:483
Stack trace:
#0 C:\_stuff\yii1.1.14\framework\web\CController.php(270): CController->missingAction('contacts')
#1 C:\_stuff\yii1.1.14\framework\web\CWebApplication.php(282): CController->run('contacts')
#2 C:\_stuff\yii1.1.14\framework\web\CWebApplication.php(141): CWebApplication->runController('site/contacts')
#3 C:\_stuff\yii1.1.14\framework\base\CApplication.php(180): CWebApplication->processRequest()
#4 C:\_stuff\OpenServer\domains\scbtenzor\index.php(13): CApplication->run()
#5 {main}
REQUEST_URI=/index.php?r=site/contacts
HTTP_REFERER=http://scbtenzor/index.php?r=site/page&view=documentation
---
2014/02/07 13:46:44 [error] [exception.CHttpException.404] exception 'CHttpException' with message 'The system is unable to find the requested action "contacts".' in C:\_stuff\yii1.1.14\framework\web\CController.php:483
Stack trace:
#0 C:\_stuff\yii1.1.14\framework\web\CController.php(270): CController->missingAction('contacts')
#1 C:\_stuff\yii1.1.14\framework\web\CWebApplication.php(282): CController->run('contacts')
#2 C:\_stuff\yii1.1.14\framework\web\CWebApplication.php(141): CWebApplication->runController('site/contacts')
#3 C:\_stuff\yii1.1.14\framework\base\CApplication.php(180): CWebApplication->processRequest()
#4 C:\_stuff\OpenServer\domains\scbtenzor\index.php(13): CApplication->run()
#5 {main}
REQUEST_URI=/index.php?r=site/contacts
HTTP_REFERER=http://scbtenzor/index.php?r=site/contacts
---
2014/02/07 13:46:46 [error] [exception.CHttpException.404] exception 'CHttpException' with message 'The system is unable to find the requested action "contacts".' in C:\_stuff\yii1.1.14\framework\web\CController.php:483
Stack trace:
#0 C:\_stuff\yii1.1.14\framework\web\CController.php(270): CController->missingAction('contacts')
#1 C:\_stuff\yii1.1.14\framework\web\CWebApplication.php(282): CController->run('contacts')
#2 C:\_stuff\yii1.1.14\framework\web\CWebApplication.php(141): CWebApplication->runController('site/contacts')
#3 C:\_stuff\yii1.1.14\framework\base\CApplication.php(180): CWebApplication->processRequest()
#4 C:\_stuff\OpenServer\domains\scbtenzor\index.php(13): CApplication->run()
#5 {main}
REQUEST_URI=/index.php?r=site/contacts
HTTP_REFERER=http://scbtenzor/index.php?r=site/page&view=documentation
---
2014/02/07 13:46:47 [error] [exception.CHttpException.404] exception 'CHttpException' with message 'The system is unable to find the requested action "contacts".' in C:\_stuff\yii1.1.14\framework\web\CController.php:483
Stack trace:
#0 C:\_stuff\yii1.1.14\framework\web\CController.php(270): CController->missingAction('contacts')
#1 C:\_stuff\yii1.1.14\framework\web\CWebApplication.php(282): CController->run('contacts')
#2 C:\_stuff\yii1.1.14\framework\web\CWebApplication.php(141): CWebApplication->runController('site/contacts')
#3 C:\_stuff\yii1.1.14\framework\base\CApplication.php(180): CWebApplication->processRequest()
#4 C:\_stuff\OpenServer\domains\scbtenzor\index.php(13): CApplication->run()
#5 {main}
REQUEST_URI=/index.php?r=site/contacts
HTTP_REFERER=http://scbtenzor/index.php?r=site/page&view=documentation
---
2014/02/07 13:47:26 [error] [exception.CHttpException.404] exception 'CHttpException' with message 'The system is unable to find the requested action "contacts".' in C:\_stuff\yii1.1.14\framework\web\CController.php:483
Stack trace:
#0 C:\_stuff\yii1.1.14\framework\web\CController.php(270): CController->missingAction('contacts')
#1 C:\_stuff\yii1.1.14\framework\web\CWebApplication.php(282): CController->run('contacts')
#2 C:\_stuff\yii1.1.14\framework\web\CWebApplication.php(141): CWebApplication->runController('site/contacts')
#3 C:\_stuff\yii1.1.14\framework\base\CApplication.php(180): CWebApplication->processRequest()
#4 C:\_stuff\OpenServer\domains\scbtenzor\index.php(13): CApplication->run()
#5 {main}
REQUEST_URI=/index.php?r=site/contacts
HTTP_REFERER=http://scbtenzor/index.php?r=site/page&view=documentation
---
2014/02/07 13:47:27 [error] [exception.CHttpException.404] exception 'CHttpException' with message 'The system is unable to find the requested action "contacts".' in C:\_stuff\yii1.1.14\framework\web\CController.php:483
Stack trace:
#0 C:\_stuff\yii1.1.14\framework\web\CController.php(270): CController->missingAction('contacts')
#1 C:\_stuff\yii1.1.14\framework\web\CWebApplication.php(282): CController->run('contacts')
#2 C:\_stuff\yii1.1.14\framework\web\CWebApplication.php(141): CWebApplication->runController('site/contacts')
#3 C:\_stuff\yii1.1.14\framework\base\CApplication.php(180): CWebApplication->processRequest()
#4 C:\_stuff\OpenServer\domains\scbtenzor\index.php(13): CApplication->run()
#5 {main}
REQUEST_URI=/index.php?r=site/contacts
HTTP_REFERER=http://scbtenzor/index.php?r=site/page&view=documentation
---
2014/03/26 14:37:12 [error] [exception.CHttpException.404] exception 'CHttpException' with message 'The system is unable to find the requested action "production".' in C:\_stuff\yii1.1.14\framework\web\CController.php:483
Stack trace:
#0 C:\_stuff\yii1.1.14\framework\web\CController.php(270): CController->missingAction('production')
#1 C:\_stuff\yii1.1.14\framework\web\CWebApplication.php(282): CController->run('production')
#2 C:\_stuff\yii1.1.14\framework\web\CWebApplication.php(141): CWebApplication->runController('site/production')
#3 C:\_stuff\yii1.1.14\framework\base\CApplication.php(180): CWebApplication->processRequest()
#4 C:\_stuff\OpenServer\domains\scbintegral\index.php(16): CApplication->run()
#5 {main}
REQUEST_URI=/index.php?r=site/production&show=uto
HTTP_REFERER=http://scbintegral/index.php?r=site/index
---
2014/04/22 11:37:23 [error] [php] opendir(/files) [<a href='function.opendir'>function.opendir</a>]: failed to open dir: No error (C:\_stuff\OpenServer\domains\scbintegral\protected\views\site\pages\documentation.php:57)
Stack trace:
#0 C:\_stuff\yii1.1.14\framework\web\CBaseController.php(95): SiteController->renderInternal()
#1 C:\_stuff\yii1.1.14\framework\web\CController.php(869): SiteController->renderFile()
#2 C:\_stuff\yii1.1.14\framework\web\CController.php(782): SiteController->renderPartial()
#3 C:\_stuff\yii1.1.14\framework\web\actions\CViewAction.php(140): SiteController->render()
#4 C:\_stuff\yii1.1.14\framework\web\actions\CAction.php(76): CViewAction->run()
#5 C:\_stuff\yii1.1.14\framework\web\CController.php(308): CViewAction->runWithParams()
#6 C:\_stuff\yii1.1.14\framework\web\CController.php(286): SiteController->runAction()
#7 C:\_stuff\yii1.1.14\framework\web\CController.php(265): SiteController->runActionWithFilters()
#8 C:\_stuff\yii1.1.14\framework\web\CWebApplication.php(282): SiteController->run()
#9 C:\_stuff\yii1.1.14\framework\web\CWebApplication.php(141): CWebApplication->runController()
#10 C:\_stuff\yii1.1.14\framework\base\CApplication.php(180): CWebApplication->processRequest()
#11 C:\_stuff\OpenServer\domains\scbintegral\index.php(16): CWebApplication->run()
REQUEST_URI=/index.php?r=site/page&view=documentation
in C:\_stuff\OpenServer\domains\scbintegral\protected\views\site\pages\documentation.php (57)
in C:\_stuff\OpenServer\domains\scbintegral\index.php (16)
2014/04/22 11:38:01 [error] [php] opendir(/files/) [<a href='function.opendir'>function.opendir</a>]: failed to open dir: No error (C:\_stuff\OpenServer\domains\scbintegral\protected\views\site\pages\documentation.php:57)
Stack trace:
#0 C:\_stuff\yii1.1.14\framework\web\CBaseController.php(95): SiteController->renderInternal()
#1 C:\_stuff\yii1.1.14\framework\web\CController.php(869): SiteController->renderFile()
#2 C:\_stuff\yii1.1.14\framework\web\CController.php(782): SiteController->renderPartial()
#3 C:\_stuff\yii1.1.14\framework\web\actions\CViewAction.php(140): SiteController->render()
#4 C:\_stuff\yii1.1.14\framework\web\actions\CAction.php(76): CViewAction->run()
#5 C:\_stuff\yii1.1.14\framework\web\CController.php(308): CViewAction->runWithParams()
#6 C:\_stuff\yii1.1.14\framework\web\CController.php(286): SiteController->runAction()
#7 C:\_stuff\yii1.1.14\framework\web\CController.php(265): SiteController->runActionWithFilters()
#8 C:\_stuff\yii1.1.14\framework\web\CWebApplication.php(282): SiteController->run()
#9 C:\_stuff\yii1.1.14\framework\web\CWebApplication.php(141): CWebApplication->runController()
#10 C:\_stuff\yii1.1.14\framework\base\CApplication.php(180): CWebApplication->processRequest()
#11 C:\_stuff\OpenServer\domains\scbintegral\index.php(16): CWebApplication->run()
REQUEST_URI=/index.php?r=site/page&view=documentation
in C:\_stuff\OpenServer\domains\scbintegral\protected\views\site\pages\documentation.php (57)
in C:\_stuff\OpenServer\domains\scbintegral\index.php (16)
2014/04/22 12:14:29 [error] [php] filesize() [<a href='function.filesize'>function.filesize</a>]: stat failed for files/Óñòðîéñòâî óïðàâëåíèåì âîäîîãðàíè÷åíèåì ñ çàùèòîé îò íåñàíêöèîíèðîâàííîãî äîñòóïà äëÿ ìíîãîêâàðòèðíûõ æèëûõ äîìîâ.doc (C:\_stuff\OpenServer\domains\scbintegral\protected\views\site\pages\documentation.php:39)
Stack trace:
#0 C:\_stuff\yii1.1.14\framework\web\CBaseController.php(126): require()
#1 C:\_stuff\yii1.1.14\framework\web\CBaseController.php(95): SiteController->renderInternal()
#2 C:\_stuff\yii1.1.14\framework\web\CController.php(869): SiteController->renderFile()
#3 C:\_stuff\yii1.1.14\framework\web\CController.php(782): SiteController->renderPartial()
#4 C:\_stuff\yii1.1.14\framework\web\actions\CViewAction.php(140): SiteController->render()
#5 C:\_stuff\yii1.1.14\framework\web\actions\CAction.php(76): CViewAction->run()
#6 C:\_stuff\yii1.1.14\framework\web\CController.php(308): CViewAction->runWithParams()
#7 C:\_stuff\yii1.1.14\framework\web\CController.php(286): SiteController->runAction()
#8 C:\_stuff\yii1.1.14\framework\web\CController.php(265): SiteController->runActionWithFilters()
#9 C:\_stuff\yii1.1.14\framework\web\CWebApplication.php(282): SiteController->run()
#10 C:\_stuff\yii1.1.14\framework\web\CWebApplication.php(141): CWebApplication->runController()
#11 C:\_stuff\yii1.1.14\framework\base\CApplication.php(180): CWebApplication->processRequest()
#12 C:\_stuff\OpenServer\domains\scbintegral\index.php(16): CWebApplication->run()
REQUEST_URI=/index.php?r=site/page&view=documentation
in C:\_stuff\OpenServer\domains\scbintegral\protected\views\site\pages\documentation.php (39)
in C:\_stuff\OpenServer\domains\scbintegral\protected\views\site\pages\documentation.php (77)
in C:\_stuff\OpenServer\domains\scbintegral\index.php (16)
2014/04/22 12:18:00 [error] [php] mb_convert_encoding() [<a href='function.mb-convert-encoding'>function.mb-convert-encoding</a>]: Unknown encoding &quot;WIN-1251&quot; (C:\_stuff\OpenServer\domains\scbintegral\protected\views\site\pages\documentation.php:37)
Stack trace:
#0 C:\_stuff\yii1.1.14\framework\web\CBaseController.php(126): require()
#1 C:\_stuff\yii1.1.14\framework\web\CBaseController.php(95): SiteController->renderInternal()
#2 C:\_stuff\yii1.1.14\framework\web\CController.php(869): SiteController->renderFile()
#3 C:\_stuff\yii1.1.14\framework\web\CController.php(782): SiteController->renderPartial()
#4 C:\_stuff\yii1.1.14\framework\web\actions\CViewAction.php(140): SiteController->render()
#5 C:\_stuff\yii1.1.14\framework\web\actions\CAction.php(76): CViewAction->run()
#6 C:\_stuff\yii1.1.14\framework\web\CController.php(308): CViewAction->runWithParams()
#7 C:\_stuff\yii1.1.14\framework\web\CController.php(286): SiteController->runAction()
#8 C:\_stuff\yii1.1.14\framework\web\CController.php(265): SiteController->runActionWithFilters()
#9 C:\_stuff\yii1.1.14\framework\web\CWebApplication.php(282): SiteController->run()
#10 C:\_stuff\yii1.1.14\framework\web\CWebApplication.php(141): CWebApplication->runController()
#11 C:\_stuff\yii1.1.14\framework\base\CApplication.php(180): CWebApplication->processRequest()
#12 C:\_stuff\OpenServer\domains\scbintegral\index.php(16): CWebApplication->run()
REQUEST_URI=/index.php?r=site/page&view=documentation
in C:\_stuff\OpenServer\domains\scbintegral\protected\views\site\pages\documentation.php (37)
in C:\_stuff\OpenServer\domains\scbintegral\protected\views\site\pages\documentation.php (77)
in C:\_stuff\OpenServer\domains\scbintegral\index.php (16)
